<?xml version="1.0" encoding="UTF-8"?>
<testng-results ignored="0" total="1" passed="0" failed="0" skipped="1">
  <reporter-output>
  </reporter-output>
  <suite started-at="2021-02-03T14:24:03 IST" name="Default suite" finished-at="2021-02-03T14:24:15 IST" duration-ms="11460">
    <groups>
    </groups>
    <test started-at="2021-02-03T14:24:03 IST" name="Default test" finished-at="2021-02-03T14:24:15 IST" duration-ms="11460">
      <class name="seleniumpractise.flipkart">
        <test-method is-config="true" signature="Setup()[pri:0, instance:seleniumpractise.flipkart@3c72f59f]" started-at="2021-02-03T14:24:04 IST" name="Setup" finished-at="2021-02-03T14:24:15 IST" duration-ms="11189" status="FAIL">
          <exception class="org.openqa.selenium.SessionNotCreatedException">
            <message>
              <![CDATA[session not created
from disconnected: received Inspector.detached event
  (Session info: chrome=88.0.4324.146)
Build info: version: '3.141.59', revision: 'e82be7d358', time: '2018-11-14T08:25:53'
System info: host: 'DESKTOP-7LBR4HI', ip: '192.168.1.26', os.name: 'Windows 10', os.arch: 'amd64', os.version: '10.0', java.version: '15.0.1'
Driver info: driver.version: ChromeDriver
remote stacktrace: Backtrace:
Ordinal0 [0x00ADECE3+3337443]
Ordinal0 [0x009BF041+2158657]
Ordinal0 [0x00846FA8+618408]
Ordinal0 [0x0083BA14+571924]
Ordinal0 [0x0083B728+571176]
Ordinal0 [0x0083ADD1+568785]
Ordinal0 [0x0083A131+565553]
Ordinal0 [0x0083A525+566565]
Ordinal0 [0x00839E45+564805]
Ordinal0 [0x0083FC00+588800]
Ordinal0 [0x00839E01+564737]
Ordinal0 [0x0083ABB2+568242]
Ordinal0 [0x0083A131+565553]
Ordinal0 [0x0083A525+566565]
Ordinal0 [0x00839E45+564805]
Ordinal0 [0x0083ED85+585093]
Ordinal0 [0x00839E01+564737]
Ordinal0 [0x0083ABB2+568242]
Ordinal0 [0x0083A131+565553]
Ordinal0 [0x0083A525+566565]
Ordinal0 [0x00839E45+564805]
Ordinal0 [0x00836486+550022]
Ordinal0 [0x00839E01+564737]
Ordinal0 [0x00839C23+564259]
Ordinal0 [0x00839A17+563735]
Ordinal0 [0x00847FD0+622544]
Ordinal0 [0x007E6B2D+224045]
Ordinal0 [0x007E5BFC+220156]
Ordinal0 [0x007E181B+202779]
Ordinal0 [0x007C3D74+81268]
Ordinal0 [0x007C4D6E+85358]
Ordinal0 [0x007C4CF9+85241]
Ordinal0 [0x009D6F2C+2256684]
GetHandleVerifier [0x00C62FAC+1478332]
GetHandleVerifier [0x00C62AFD+1477133]
GetHandleVerifier [0x00C6AAD8+1509864]
GetHandleVerifier [0x00C6369E+1480110]
Ordinal0 [0x009CD6BD+2217661]
Ordinal0 [0x009D89AB+2263467]
Ordinal0 [0x009D8AEF+2263791]
Ordinal0 [0x009ED363+2347875]
BaseThreadInitThunk [0x75AE6359+25]
RtlGetAppContainerNamedObjectPath [0x775C8944+228]
RtlGetAppContainerNamedObjectPath [0x775C8914+180]
]]>
            </message>
            <full-stacktrace>
              <![CDATA[org.openqa.selenium.SessionNotCreatedException: session not created
from disconnected: received Inspector.detached event
  (Session info: chrome=88.0.4324.146)
Build info: version: '3.141.59', revision: 'e82be7d358', time: '2018-11-14T08:25:53'
System info: host: 'DESKTOP-7LBR4HI', ip: '192.168.1.26', os.name: 'Windows 10', os.arch: 'amd64', os.version: '10.0', java.version: '15.0.1'
Driver info: driver.version: ChromeDriver
remote stacktrace: Backtrace:
Ordinal0 [0x00ADECE3+3337443]
Ordinal0 [0x009BF041+2158657]
Ordinal0 [0x00846FA8+618408]
Ordinal0 [0x0083BA14+571924]
Ordinal0 [0x0083B728+571176]
Ordinal0 [0x0083ADD1+568785]
Ordinal0 [0x0083A131+565553]
Ordinal0 [0x0083A525+566565]
Ordinal0 [0x00839E45+564805]
Ordinal0 [0x0083FC00+588800]
Ordinal0 [0x00839E01+564737]
Ordinal0 [0x0083ABB2+568242]
Ordinal0 [0x0083A131+565553]
Ordinal0 [0x0083A525+566565]
Ordinal0 [0x00839E45+564805]
Ordinal0 [0x0083ED85+585093]
Ordinal0 [0x00839E01+564737]
Ordinal0 [0x0083ABB2+568242]
Ordinal0 [0x0083A131+565553]
Ordinal0 [0x0083A525+566565]
Ordinal0 [0x00839E45+564805]
Ordinal0 [0x00836486+550022]
Ordinal0 [0x00839E01+564737]
Ordinal0 [0x00839C23+564259]
Ordinal0 [0x00839A17+563735]
Ordinal0 [0x00847FD0+622544]
Ordinal0 [0x007E6B2D+224045]
Ordinal0 [0x007E5BFC+220156]
Ordinal0 [0x007E181B+202779]
Ordinal0 [0x007C3D74+81268]
Ordinal0 [0x007C4D6E+85358]
Ordinal0 [0x007C4CF9+85241]
Ordinal0 [0x009D6F2C+2256684]
GetHandleVerifier [0x00C62FAC+1478332]
GetHandleVerifier [0x00C62AFD+1477133]
GetHandleVerifier [0x00C6AAD8+1509864]
GetHandleVerifier [0x00C6369E+1480110]
Ordinal0 [0x009CD6BD+2217661]
Ordinal0 [0x009D89AB+2263467]
Ordinal0 [0x009D8AEF+2263791]
Ordinal0 [0x009ED363+2347875]
BaseThreadInitThunk [0x75AE6359+25]
RtlGetAppContainerNamedObjectPath [0x775C8944+228]
RtlGetAppContainerNamedObjectPath [0x775C8914+180]

at java.base/jdk.internal.reflect.NativeConstructorAccessorImpl.newInstance0(Native Method)
at java.base/jdk.internal.reflect.NativeConstructorAccessorImpl.newInstance(NativeConstructorAccessorImpl.java:64)
at java.base/jdk.internal.reflect.DelegatingConstructorAccessorImpl.newInstance(DelegatingConstructorAccessorImpl.java:45)
at java.base/java.lang.reflect.Constructor.newInstanceWithCaller(Constructor.java:500)
at java.base/java.lang.reflect.Constructor.newInstance(Constructor.java:481)
at org.openqa.selenium.remote.W3CHandshakeResponse.lambda$errorHandler$0(W3CHandshakeResponse.java:62)
at org.openqa.selenium.remote.HandshakeResponse.lambda$getResponseFunction$0(HandshakeResponse.java:30)
at org.openqa.selenium.remote.ProtocolHandshake.lambda$createSession$0(ProtocolHandshake.java:126)
at java.base/java.util.stream.ReferencePipeline$3$1.accept(ReferencePipeline.java:195)
at java.base/java.util.Spliterators$ArraySpliterator.tryAdvance(Spliterators.java:958)
at java.base/java.util.stream.ReferencePipeline.forEachWithCancel(ReferencePipeline.java:127)
at java.base/java.util.stream.AbstractPipeline.copyIntoWithCancel(AbstractPipeline.java:502)
at java.base/java.util.stream.AbstractPipeline.copyInto(AbstractPipeline.java:488)
at java.base/java.util.stream.AbstractPipeline.wrapAndCopyInto(AbstractPipeline.java:474)
at java.base/java.util.stream.FindOps$FindOp.evaluateSequential(FindOps.java:150)
at java.base/java.util.stream.AbstractPipeline.evaluate(AbstractPipeline.java:234)
at java.base/java.util.stream.ReferencePipeline.findFirst(ReferencePipeline.java:543)
at org.openqa.selenium.remote.ProtocolHandshake.createSession(ProtocolHandshake.java:128)
at org.openqa.selenium.remote.ProtocolHandshake.createSession(ProtocolHandshake.java:74)
at org.openqa.selenium.remote.HttpCommandExecutor.execute(HttpCommandExecutor.java:136)
at org.openqa.selenium.remote.service.DriverCommandExecutor.execute(DriverCommandExecutor.java:83)
at org.openqa.selenium.remote.RemoteWebDriver.execute(RemoteWebDriver.java:552)
at org.openqa.selenium.remote.RemoteWebDriver.startSession(RemoteWebDriver.java:213)
at org.openqa.selenium.remote.RemoteWebDriver.<init>(RemoteWebDriver.java:131)
at org.openqa.selenium.chrome.ChromeDriver.<init>(ChromeDriver.java:181)
at org.openqa.selenium.chrome.ChromeDriver.<init>(ChromeDriver.java:168)
at org.openqa.selenium.chrome.ChromeDriver.<init>(ChromeDriver.java:123)
at seleniumpractise.flipkart.Setup(flipkart.java:23)
at java.base/jdk.internal.reflect.NativeMethodAccessorImpl.invoke0(Native Method)
at java.base/jdk.internal.reflect.NativeMethodAccessorImpl.invoke(NativeMethodAccessorImpl.java:64)
at java.base/jdk.internal.reflect.DelegatingMethodAccessorImpl.invoke(DelegatingMethodAccessorImpl.java:43)
at java.base/java.lang.reflect.Method.invoke(Method.java:564)
at org.testng.internal.MethodInvocationHelper.invokeMethod(MethodInvocationHelper.java:132)
at org.testng.internal.MethodInvocationHelper.invokeMethodConsideringTimeout(MethodInvocationHelper.java:61)
at org.testng.internal.ConfigInvoker.invokeConfigurationMethod(ConfigInvoker.java:366)
at org.testng.internal.ConfigInvoker.invokeConfigurations(ConfigInvoker.java:320)
at org.testng.internal.TestInvoker.runConfigMethods(TestInvoker.java:701)
at org.testng.internal.TestInvoker.invokeMethod(TestInvoker.java:527)
at org.testng.internal.TestInvoker.invokeTestMethod(TestInvoker.java:174)
at org.testng.internal.MethodRunner.runInSequence(MethodRunner.java:46)
at org.testng.internal.TestInvoker$MethodInvocationAgent.invoke(TestInvoker.java:822)
at org.testng.internal.TestInvoker.invokeTestMethods(TestInvoker.java:147)
at org.testng.internal.TestMethodWorker.invokeTestMethods(TestMethodWorker.java:146)
at org.testng.internal.TestMethodWorker.run(TestMethodWorker.java:128)
at java.base/java.util.ArrayList.forEach(ArrayList.java:1511)
at org.testng.TestRunner.privateRun(TestRunner.java:764)
at org.testng.TestRunner.run(TestRunner.java:585)
at org.testng.SuiteRunner.runTest(SuiteRunner.java:384)
at org.testng.SuiteRunner.runSequentially(SuiteRunner.java:378)
at org.testng.SuiteRunner.privateRun(SuiteRunner.java:337)
at org.testng.SuiteRunner.run(SuiteRunner.java:286)
at org.testng.SuiteRunnerWorker.runSuite(SuiteRunnerWorker.java:53)
at org.testng.SuiteRunnerWorker.run(SuiteRunnerWorker.java:96)
at org.testng.TestNG.runSuitesSequentially(TestNG.java:1218)
at org.testng.TestNG.runSuitesLocally(TestNG.java:1140)
at org.testng.TestNG.runSuites(TestNG.java:1069)
at org.testng.TestNG.run(TestNG.java:1037)
at org.testng.remote.AbstractRemoteTestNG.run(AbstractRemoteTestNG.java:115)
at org.testng.remote.RemoteTestNG.initAndRun(RemoteTestNG.java:251)
at org.testng.remote.RemoteTestNG.main(RemoteTestNG.java:77)
]]>
            </full-stacktrace>
          </exception> <!-- org.openqa.selenium.SessionNotCreatedException -->
          <reporter-output>
          </reporter-output>
        </test-method> <!-- Setup -->
        <test-method signature="search()[pri:0, instance:seleniumpractise.flipkart@3c72f59f]" started-at="2021-02-03T14:24:15 IST" name="search" finished-at="2021-02-03T14:24:15 IST" duration-ms="0" status="SKIP">
          <exception class="org.openqa.selenium.SessionNotCreatedException">
            <message>
              <![CDATA[session not created
from disconnected: received Inspector.detached event
  (Session info: chrome=88.0.4324.146)
Build info: version: '3.141.59', revision: 'e82be7d358', time: '2018-11-14T08:25:53'
System info: host: 'DESKTOP-7LBR4HI', ip: '192.168.1.26', os.name: 'Windows 10', os.arch: 'amd64', os.version: '10.0', java.version: '15.0.1'
Driver info: driver.version: ChromeDriver
remote stacktrace: Backtrace:
Ordinal0 [0x00ADECE3+3337443]
Ordinal0 [0x009BF041+2158657]
Ordinal0 [0x00846FA8+618408]
Ordinal0 [0x0083BA14+571924]
Ordinal0 [0x0083B728+571176]
Ordinal0 [0x0083ADD1+568785]
Ordinal0 [0x0083A131+565553]
Ordinal0 [0x0083A525+566565]
Ordinal0 [0x00839E45+564805]
Ordinal0 [0x0083FC00+588800]
Ordinal0 [0x00839E01+564737]
Ordinal0 [0x0083ABB2+568242]
Ordinal0 [0x0083A131+565553]
Ordinal0 [0x0083A525+566565]
Ordinal0 [0x00839E45+564805]
Ordinal0 [0x0083ED85+585093]
Ordinal0 [0x00839E01+564737]
Ordinal0 [0x0083ABB2+568242]
Ordinal0 [0x0083A131+565553]
Ordinal0 [0x0083A525+566565]
Ordinal0 [0x00839E45+564805]
Ordinal0 [0x00836486+550022]
Ordinal0 [0x00839E01+564737]
Ordinal0 [0x00839C23+564259]
Ordinal0 [0x00839A17+563735]
Ordinal0 [0x00847FD0+622544]
Ordinal0 [0x007E6B2D+224045]
Ordinal0 [0x007E5BFC+220156]
Ordinal0 [0x007E181B+202779]
Ordinal0 [0x007C3D74+81268]
Ordinal0 [0x007C4D6E+85358]
Ordinal0 [0x007C4CF9+85241]
Ordinal0 [0x009D6F2C+2256684]
GetHandleVerifier [0x00C62FAC+1478332]
GetHandleVerifier [0x00C62AFD+1477133]
GetHandleVerifier [0x00C6AAD8+1509864]
GetHandleVerifier [0x00C6369E+1480110]
Ordinal0 [0x009CD6BD+2217661]
Ordinal0 [0x009D89AB+2263467]
Ordinal0 [0x009D8AEF+2263791]
Ordinal0 [0x009ED363+2347875]
BaseThreadInitThunk [0x75AE6359+25]
RtlGetAppContainerNamedObjectPath [0x775C8944+228]
RtlGetAppContainerNamedObjectPath [0x775C8914+180]
]]>
            </message>
            <full-stacktrace>
              <![CDATA[org.openqa.selenium.SessionNotCreatedException: session not created
from disconnected: received Inspector.detached event
  (Session info: chrome=88.0.4324.146)
Build info: version: '3.141.59', revision: 'e82be7d358', time: '2018-11-14T08:25:53'
System info: host: 'DESKTOP-7LBR4HI', ip: '192.168.1.26', os.name: 'Windows 10', os.arch: 'amd64', os.version: '10.0', java.version: '15.0.1'
Driver info: driver.version: ChromeDriver
remote stacktrace: Backtrace:
Ordinal0 [0x00ADECE3+3337443]
Ordinal0 [0x009BF041+2158657]
Ordinal0 [0x00846FA8+618408]
Ordinal0 [0x0083BA14+571924]
Ordinal0 [0x0083B728+571176]
Ordinal0 [0x0083ADD1+568785]
Ordinal0 [0x0083A131+565553]
Ordinal0 [0x0083A525+566565]
Ordinal0 [0x00839E45+564805]
Ordinal0 [0x0083FC00+588800]
Ordinal0 [0x00839E01+564737]
Ordinal0 [0x0083ABB2+568242]
Ordinal0 [0x0083A131+565553]
Ordinal0 [0x0083A525+566565]
Ordinal0 [0x00839E45+564805]
Ordinal0 [0x0083ED85+585093]
Ordinal0 [0x00839E01+564737]
Ordinal0 [0x0083ABB2+568242]
Ordinal0 [0x0083A131+565553]
Ordinal0 [0x0083A525+566565]
Ordinal0 [0x00839E45+564805]
Ordinal0 [0x00836486+550022]
Ordinal0 [0x00839E01+564737]
Ordinal0 [0x00839C23+564259]
Ordinal0 [0x00839A17+563735]
Ordinal0 [0x00847FD0+622544]
Ordinal0 [0x007E6B2D+224045]
Ordinal0 [0x007E5BFC+220156]
Ordinal0 [0x007E181B+202779]
Ordinal0 [0x007C3D74+81268]
Ordinal0 [0x007C4D6E+85358]
Ordinal0 [0x007C4CF9+85241]
Ordinal0 [0x009D6F2C+2256684]
GetHandleVerifier [0x00C62FAC+1478332]
GetHandleVerifier [0x00C62AFD+1477133]
GetHandleVerifier [0x00C6AAD8+1509864]
GetHandleVerifier [0x00C6369E+1480110]
Ordinal0 [0x009CD6BD+2217661]
Ordinal0 [0x009D89AB+2263467]
Ordinal0 [0x009D8AEF+2263791]
Ordinal0 [0x009ED363+2347875]
BaseThreadInitThunk [0x75AE6359+25]
RtlGetAppContainerNamedObjectPath [0x775C8944+228]
RtlGetAppContainerNamedObjectPath [0x775C8914+180]

at java.base/jdk.internal.reflect.NativeConstructorAccessorImpl.newInstance0(Native Method)
at java.base/jdk.internal.reflect.NativeConstructorAccessorImpl.newInstance(NativeConstructorAccessorImpl.java:64)
at java.base/jdk.internal.reflect.DelegatingConstructorAccessorImpl.newInstance(DelegatingConstructorAccessorImpl.java:45)
at java.base/java.lang.reflect.Constructor.newInstanceWithCaller(Constructor.java:500)
at java.base/java.lang.reflect.Constructor.newInstance(Constructor.java:481)
at org.openqa.selenium.remote.W3CHandshakeResponse.lambda$errorHandler$0(W3CHandshakeResponse.java:62)
at org.openqa.selenium.remote.HandshakeResponse.lambda$getResponseFunction$0(HandshakeResponse.java:30)
at org.openqa.selenium.remote.ProtocolHandshake.lambda$createSession$0(ProtocolHandshake.java:126)
at java.base/java.util.stream.ReferencePipeline$3$1.accept(ReferencePipeline.java:195)
at java.base/java.util.Spliterators$ArraySpliterator.tryAdvance(Spliterators.java:958)
at java.base/java.util.stream.ReferencePipeline.forEachWithCancel(ReferencePipeline.java:127)
at java.base/java.util.stream.AbstractPipeline.copyIntoWithCancel(AbstractPipeline.java:502)
at java.base/java.util.stream.AbstractPipeline.copyInto(AbstractPipeline.java:488)
at java.base/java.util.stream.AbstractPipeline.wrapAndCopyInto(AbstractPipeline.java:474)
at java.base/java.util.stream.FindOps$FindOp.evaluateSequential(FindOps.java:150)
at java.base/java.util.stream.AbstractPipeline.evaluate(AbstractPipeline.java:234)
at java.base/java.util.stream.ReferencePipeline.findFirst(ReferencePipeline.java:543)
at org.openqa.selenium.remote.ProtocolHandshake.createSession(ProtocolHandshake.java:128)
at org.openqa.selenium.remote.ProtocolHandshake.createSession(ProtocolHandshake.java:74)
at org.openqa.selenium.remote.HttpCommandExecutor.execute(HttpCommandExecutor.java:136)
at org.openqa.selenium.remote.service.DriverCommandExecutor.execute(DriverCommandExecutor.java:83)
at org.openqa.selenium.remote.RemoteWebDriver.execute(RemoteWebDriver.java:552)
at org.openqa.selenium.remote.RemoteWebDriver.startSession(RemoteWebDriver.java:213)
at org.openqa.selenium.remote.RemoteWebDriver.<init>(RemoteWebDriver.java:131)
at org.openqa.selenium.chrome.ChromeDriver.<init>(ChromeDriver.java:181)
at org.openqa.selenium.chrome.ChromeDriver.<init>(ChromeDriver.java:168)
at org.openqa.selenium.chrome.ChromeDriver.<init>(ChromeDriver.java:123)
at seleniumpractise.flipkart.Setup(flipkart.java:23)
at java.base/jdk.internal.reflect.NativeMethodAccessorImpl.invoke0(Native Method)
at java.base/jdk.internal.reflect.NativeMethodAccessorImpl.invoke(NativeMethodAccessorImpl.java:64)
at java.base/jdk.internal.reflect.DelegatingMethodAccessorImpl.invoke(DelegatingMethodAccessorImpl.java:43)
at java.base/java.lang.reflect.Method.invoke(Method.java:564)
at org.testng.internal.MethodInvocationHelper.invokeMethod(MethodInvocationHelper.java:132)
at org.testng.internal.MethodInvocationHelper.invokeMethodConsideringTimeout(MethodInvocationHelper.java:61)
at org.testng.internal.ConfigInvoker.invokeConfigurationMethod(ConfigInvoker.java:366)
at org.testng.internal.ConfigInvoker.invokeConfigurations(ConfigInvoker.java:320)
at org.testng.internal.TestInvoker.runConfigMethods(TestInvoker.java:701)
at org.testng.internal.TestInvoker.invokeMethod(TestInvoker.java:527)
at org.testng.internal.TestInvoker.invokeTestMethod(TestInvoker.java:174)
at org.testng.internal.MethodRunner.runInSequence(MethodRunner.java:46)
at org.testng.internal.TestInvoker$MethodInvocationAgent.invoke(TestInvoker.java:822)
at org.testng.internal.TestInvoker.invokeTestMethods(TestInvoker.java:147)
at org.testng.internal.TestMethodWorker.invokeTestMethods(TestMethodWorker.java:146)
at org.testng.internal.TestMethodWorker.run(TestMethodWorker.java:128)
at java.base/java.util.ArrayList.forEach(ArrayList.java:1511)
at org.testng.TestRunner.privateRun(TestRunner.java:764)
at org.testng.TestRunner.run(TestRunner.java:585)
at org.testng.SuiteRunner.runTest(SuiteRunner.java:384)
at org.testng.SuiteRunner.runSequentially(SuiteRunner.java:378)
at org.testng.SuiteRunner.privateRun(SuiteRunner.java:337)
at org.testng.SuiteRunner.run(SuiteRunner.java:286)
at org.testng.SuiteRunnerWorker.runSuite(SuiteRunnerWorker.java:53)
at org.testng.SuiteRunnerWorker.run(SuiteRunnerWorker.java:96)
at org.testng.TestNG.runSuitesSequentially(TestNG.java:1218)
at org.testng.TestNG.runSuitesLocally(TestNG.java:1140)
at org.testng.TestNG.runSuites(TestNG.java:1069)
at org.testng.TestNG.run(TestNG.java:1037)
at org.testng.remote.AbstractRemoteTestNG.run(AbstractRemoteTestNG.java:115)
at org.testng.remote.RemoteTestNG.initAndRun(RemoteTestNG.java:251)
at org.testng.remote.RemoteTestNG.main(RemoteTestNG.java:77)
]]>
            </full-stacktrace>
          </exception> <!-- org.openqa.selenium.SessionNotCreatedException -->
          <reporter-output>
          </reporter-output>
        </test-method> <!-- search -->
        <test-method is-config="true" signature="teardown()[pri:0, instance:seleniumpractise.flipkart@3c72f59f]" started-at="2021-02-03T14:24:15 IST" name="teardown" finished-at="1970-01-01T05:30:00 IST" duration-ms="-1612342455339" status="SKIP">
          <reporter-output>
          </reporter-output>
        </test-method> <!-- teardown -->
      </class> <!-- seleniumpractise.flipkart -->
    </test> <!-- Default test -->
  </suite> <!-- Default suite -->
</testng-results>
